Using cuda
#Frame: 10000, preparing replay buffer
#Frame: 20000, Loss: 0.023873
Last-10 average reward: -19.500000
#Frame: 30000, Loss: 0.022953
Last-10 average reward: -17.900000
#Frame: 40000, Loss: 0.022324
Last-10 average reward: -16.900000
#Frame: 50000, Loss: 0.021761
Last-10 average reward: -15.600000
#Frame: 60000, Loss: 0.021637
Last-10 average reward: -14.900000
#Frame: 70000, Loss: 0.021252
Last-10 average reward: -15.500000
#Frame: 80000, Loss: 0.020834
Last-10 average reward: -15.100000
#Frame: 90000, Loss: 0.020514
Last-10 average reward: -15.600000
#Frame: 100000, Loss: 0.020231
Last-10 average reward: -15.500000
#Frame: 110000, Loss: 0.020085
Last-10 average reward: -14.400000
#Frame: 120000, Loss: 0.019785
Last-10 average reward: -13.900000
#Frame: 130000, Loss: 0.019506
Last-10 average reward: -15.800000
#Frame: 140000, Loss: 0.019226
Last-10 average reward: -12.900000
#Frame: 150000, Loss: 0.018963
Last-10 average reward: -10.600000
#Frame: 160000, Loss: 0.018813
Last-10 average reward: -12.700000
#Frame: 170000, Loss: 0.018619
Last-10 average reward: -11.500000
#Frame: 180000, Loss: 0.018455
Last-10 average reward: -10.000000
#Frame: 190000, Loss: 0.018297
Last-10 average reward: -8.800000
#Frame: 200000, Loss: 0.018135
Last-10 average reward: -9.900000
#Frame: 210000, Loss: 0.018029
Last-10 average reward: -10.900000
#Frame: 220000, Loss: 0.017899
Last-10 average reward: -9.200000
#Frame: 230000, Loss: 0.017786
Last-10 average reward: -9.100000
#Frame: 240000, Loss: 0.017675
Last-10 average reward: -8.800000
#Frame: 250000, Loss: 0.017578
Last-10 average reward: -8.900000
#Frame: 260000, Loss: 0.017529
Last-10 average reward: -10.200000
#Frame: 270000, Loss: 0.017442
Last-10 average reward: -10.800000
#Frame: 280000, Loss: 0.017393
Last-10 average reward: -14.700000
#Frame: 290000, Loss: 0.017354
Last-10 average reward: -18.200000
#Frame: 300000, Loss: 0.017347
Last-10 average reward: -20.800000
#Frame: 310000, Loss: 0.017396
Last-10 average reward: -20.200000
#Frame: 320000, Loss: 0.017461
Last-10 average reward: -19.900000
#Frame: 330000, Loss: 0.017540
Last-10 average reward: -20.400000
#Frame: 340000, Loss: 0.017641
Last-10 average reward: -20.200000
#Frame: 350000, Loss: 0.017768
Last-10 average reward: -19.400000
#Frame: 360000, Loss: 0.017919
Last-10 average reward: -20.400000
#Frame: 370000, Loss: 0.018064
Last-10 average reward: -20.000000
#Frame: 380000, Loss: 0.018225
Last-10 average reward: -20.000000
#Frame: 390000, Loss: 0.018389
Last-10 average reward: -19.900000
#Frame: 400000, Loss: 0.018560
Last-10 average reward: -20.200000
#Frame: 410000, Loss: 0.018712
Last-10 average reward: -19.700000
#Frame: 420000, Loss: 0.018862
Last-10 average reward: -20.200000
#Frame: 430000, Loss: 0.019013
Last-10 average reward: -19.900000
#Frame: 440000, Loss: 0.019156
Last-10 average reward: -19.800000
#Frame: 450000, Loss: 0.019284
Last-10 average reward: -19.500000
#Frame: 460000, Loss: 0.019421
Last-10 average reward: -20.800000
#Frame: 470000, Loss: 0.019548
Last-10 average reward: -19.600000
#Frame: 480000, Loss: 0.019666
Last-10 average reward: -19.900000
#Frame: 490000, Loss: 0.019779
Last-10 average reward: -19.900000
#Frame: 500000, Loss: 0.019889
Last-10 average reward: -19.400000
#Frame: 510000, Loss: 0.020003
Last-10 average reward: -20.100000
#Frame: 520000, Loss: 0.020098
Last-10 average reward: -19.300000
#Frame: 530000, Loss: 0.020190
Last-10 average reward: -19.700000
#Frame: 540000, Loss: 0.020283
Last-10 average reward: -19.600000
#Frame: 550000, Loss: 0.020362
Last-10 average reward: -19.600000
#Frame: 560000, Loss: 0.020449
Last-10 average reward: -19.500000
#Frame: 570000, Loss: 0.020531
Last-10 average reward: -19.900000
#Frame: 580000, Loss: 0.020613
Last-10 average reward: -19.700000
#Frame: 590000, Loss: 0.020685
Last-10 average reward: -19.800000
#Frame: 600000, Loss: 0.020762
Last-10 average reward: -19.800000
#Frame: 610000, Loss: 0.020843
Last-10 average reward: -19.600000
#Frame: 620000, Loss: 0.020913
Last-10 average reward: -19.300000
#Frame: 630000, Loss: 0.020987
Last-10 average reward: -19.300000
#Frame: 640000, Loss: 0.021056
Last-10 average reward: -19.700000
#Frame: 650000, Loss: 0.021117
Last-10 average reward: -19.800000
#Frame: 660000, Loss: 0.021182
Last-10 average reward: -19.400000
#Frame: 670000, Loss: 0.021245
Last-10 average reward: -20.000000
#Frame: 680000, Loss: 0.021304
Last-10 average reward: -19.700000
#Frame: 690000, Loss: 0.021367
Last-10 average reward: -19.700000
#Frame: 700000, Loss: 0.021415
Last-10 average reward: -20.200000
#Frame: 710000, Loss: 0.021470
Last-10 average reward: -19.800000
#Frame: 720000, Loss: 0.021514
Last-10 average reward: -19.900000
#Frame: 730000, Loss: 0.021555
Last-10 average reward: -20.100000
#Frame: 740000, Loss: 0.021601
Last-10 average reward: -20.000000
#Frame: 750000, Loss: 0.021633
Last-10 average reward: -20.400000
#Frame: 760000, Loss: 0.021678
Last-10 average reward: -20.500000
#Frame: 770000, Loss: 0.021712
Last-10 average reward: -20.100000
#Frame: 780000, Loss: 0.021755
Last-10 average reward: -20.600000
#Frame: 790000, Loss: 0.021791
Last-10 average reward: -19.800000
#Frame: 800000, Loss: 0.021827
Last-10 average reward: -20.000000
#Frame: 810000, Loss: 0.021862
Last-10 average reward: -20.900000
#Frame: 820000, Loss: 0.021896
Last-10 average reward: -20.000000
#Frame: 830000, Loss: 0.021928
Last-10 average reward: -20.000000
#Frame: 840000, Loss: 0.021968
Last-10 average reward: -20.300000
#Frame: 850000, Loss: 0.022002
Last-10 average reward: -19.800000
#Frame: 860000, Loss: 0.022028
Last-10 average reward: -19.700000
#Frame: 870000, Loss: 0.022056
Last-10 average reward: -19.200000
#Frame: 880000, Loss: 0.022082
Last-10 average reward: -20.100000
#Frame: 890000, Loss: 0.022108
Last-10 average reward: -20.000000
#Frame: 900000, Loss: 0.022130
Last-10 average reward: -20.000000
#Frame: 910000, Loss: 0.022155
Last-10 average reward: -20.100000
#Frame: 920000, Loss: 0.022169
Last-10 average reward: -19.900000
#Frame: 930000, Loss: 0.022187
Last-10 average reward: -19.800000
#Frame: 940000, Loss: 0.022206
Last-10 average reward: -20.200000
#Frame: 950000, Loss: 0.022221
Last-10 average reward: -19.300000
#Frame: 960000, Loss: 0.022236
Last-10 average reward: -20.200000
#Frame: 970000, Loss: 0.022247
Last-10 average reward: -19.000000
#Frame: 980000, Loss: 0.022256
Last-10 average reward: -19.600000
#Frame: 990000, Loss: 0.022264
Last-10 average reward: -19.700000
#Frame: 1000000, Loss: 0.022272
Last-10 average reward: -18.900000
Exception ignored in: <bound method ALEInterface.__del__ of <atari_py.ale_python_interface.ALEInterface object at 0x7f141c2d5048>>
Traceback (most recent call last):
  File "/usr/local/lib/python3.5/dist-packages/atari_py/ale_python_interface.py", line 354, in __del__
AttributeError: 'NoneType' object has no attribute 'ALE_del'
Exception ignored in: <function WeakValueDictionary.__init__.<locals>.remove at 0x7f13bc20f268>
Traceback (most recent call last):
  File "/usr/lib/python3.5/weakref.py", line 117, in remove
TypeError: 'NoneType' object is not callable
