Using cuda
#Frame: 10000, preparing replay buffer
#Frame: 20000, Loss: 0.000385
Last-10 average reward: -18.100000
#Frame: 30000, Loss: 0.000304
Last-10 average reward: -17.000000
#Frame: 40000, Loss: 0.000278
Last-10 average reward: -16.700000
#Frame: 50000, Loss: 0.000261
Last-10 average reward: -15.100000
#Frame: 60000, Loss: 0.000338
Last-10 average reward: -15.300000
#Frame: 70000, Loss: 0.000356
Last-10 average reward: -14.500000
#Frame: 80000, Loss: 0.000363
Last-10 average reward: -14.300000
#Frame: 90000, Loss: 0.000363
Last-10 average reward: -14.500000
#Frame: 100000, Loss: 0.000361
Last-10 average reward: -12.900000
#Frame: 110000, Loss: 0.000415
Last-10 average reward: -12.100000
#Frame: 120000, Loss: 0.000443
Last-10 average reward: -11.000000
#Frame: 130000, Loss: 0.000462
Last-10 average reward: -10.400000
#Frame: 140000, Loss: 0.000476
Last-10 average reward: -10.000000
#Frame: 150000, Loss: 0.000485
Last-10 average reward: -9.100000
#Frame: 160000, Loss: 0.000539
Last-10 average reward: -9.200000
#Frame: 170000, Loss: 0.000570
Last-10 average reward: -7.700000
#Frame: 180000, Loss: 0.000591
Last-10 average reward: -4.800000
#Frame: 190000, Loss: 0.000604
Last-10 average reward: -3.300000
#Frame: 200000, Loss: 0.000617
Last-10 average reward: -3.700000
#Frame: 210000, Loss: 0.000664
Last-10 average reward: -3.300000
#Frame: 220000, Loss: 0.000692
Last-10 average reward: -3.300000
#Frame: 230000, Loss: 0.000714
Last-10 average reward: -4.700000
#Frame: 240000, Loss: 0.000732
Last-10 average reward: -6.100000
#Frame: 250000, Loss: 0.000745
Last-10 average reward: -6.800000
#Frame: 260000, Loss: 0.000791
Last-10 average reward: -8.300000
#Frame: 270000, Loss: 0.000820
Last-10 average reward: -7.500000
#Frame: 280000, Loss: 0.000843
Last-10 average reward: -5.200000
#Frame: 290000, Loss: 0.000860
Last-10 average reward: -4.200000
#Frame: 300000, Loss: 0.000872
Last-10 average reward: -4.000000
#Frame: 310000, Loss: 0.000913
Last-10 average reward: -4.400000
#Frame: 320000, Loss: 0.000940
Last-10 average reward: -3.700000
#Frame: 330000, Loss: 0.000960
Last-10 average reward: -4.300000
#Frame: 340000, Loss: 0.000975
Last-10 average reward: -2.200000
#Frame: 350000, Loss: 0.000987
Last-10 average reward: -3.700000
#Frame: 360000, Loss: 0.001024
Last-10 average reward: -2.800000
#Frame: 370000, Loss: 0.001049
Last-10 average reward: -3.300000
#Frame: 380000, Loss: 0.001066
Last-10 average reward: -1.300000
#Frame: 390000, Loss: 0.001079
Last-10 average reward: 0.900000
#Frame: 400000, Loss: 0.001089
Last-10 average reward: 2.800000
#Frame: 410000, Loss: 0.001124
Last-10 average reward: 1.200000
#Frame: 420000, Loss: 0.001146
Last-10 average reward: -1.300000
#Frame: 430000, Loss: 0.001163
Last-10 average reward: -3.400000
#Frame: 440000, Loss: 0.001178
Last-10 average reward: -3.000000
#Frame: 450000, Loss: 0.001192
Last-10 average reward: -4.000000
#Frame: 460000, Loss: 0.001225
Last-10 average reward: -3.800000
#Frame: 470000, Loss: 0.001244
Last-10 average reward: -0.600000
#Frame: 480000, Loss: 0.001259
Last-10 average reward: 1.000000
#Frame: 490000, Loss: 0.001271
Last-10 average reward: -1.600000
#Frame: 500000, Loss: 0.001281
Last-10 average reward: -3.800000
#Frame: 510000, Loss: 0.001316
Last-10 average reward: -3.000000
#Frame: 520000, Loss: 0.001336
Last-10 average reward: -1.800000
#Frame: 530000, Loss: 0.001350
Last-10 average reward: -0.300000
#Frame: 540000, Loss: 0.001360
Last-10 average reward: -1.500000
#Frame: 550000, Loss: 0.001369
Last-10 average reward: -3.300000
#Frame: 560000, Loss: 0.001401
Last-10 average reward: -3.200000
#Frame: 570000, Loss: 0.001419
Last-10 average reward: -2.800000
#Frame: 580000, Loss: 0.001431
Last-10 average reward: 1.700000
#Frame: 590000, Loss: 0.001440
Last-10 average reward: 0.500000
#Frame: 600000, Loss: 0.001446
Last-10 average reward: 1.100000
#Frame: 610000, Loss: 0.001475
Last-10 average reward: -0.600000
#Frame: 620000, Loss: 0.001491
Last-10 average reward: -1.000000
#Frame: 630000, Loss: 0.001502
Last-10 average reward: -0.500000
#Frame: 640000, Loss: 0.001512
Last-10 average reward: -1.100000
#Frame: 650000, Loss: 0.001521
Last-10 average reward: -1.100000
#Frame: 660000, Loss: 0.001550
Last-10 average reward: 0.400000
#Frame: 670000, Loss: 0.001565
Last-10 average reward: 5.800000
#Frame: 680000, Loss: 0.001575
Last-10 average reward: 8.300000
#Frame: 690000, Loss: 0.001581
Last-10 average reward: 6.900000
#Frame: 700000, Loss: 0.001587
Last-10 average reward: 3.700000
#Frame: 710000, Loss: 0.001612
Last-10 average reward: 4.400000
#Frame: 720000, Loss: 0.001625
Last-10 average reward: 3.300000
#Frame: 730000, Loss: 0.001634
Last-10 average reward: 3.900000
#Frame: 740000, Loss: 0.001643
Last-10 average reward: 0.600000
#Frame: 750000, Loss: 0.001650
Last-10 average reward: 2.200000
#Frame: 760000, Loss: 0.001680
Last-10 average reward: 1.200000
#Frame: 770000, Loss: 0.001697
Last-10 average reward: 2.900000
#Frame: 780000, Loss: 0.001708
Last-10 average reward: 8.900000
#Frame: 790000, Loss: 0.001718
Last-10 average reward: 9.800000
#Frame: 800000, Loss: 0.001726
Last-10 average reward: 7.800000
#Frame: 810000, Loss: 0.001756
Last-10 average reward: 5.900000
#Frame: 820000, Loss: 0.001774
Last-10 average reward: 6.500000
#Frame: 830000, Loss: 0.001786
Last-10 average reward: 8.400000
#Frame: 840000, Loss: 0.001794
Last-10 average reward: 8.800000
