Using cuda
#Frame: 10000, preparing replay buffer
#Frame: 20000, Loss: 0.001026
Last-10 average reward: -17.600000
#Frame: 30000, Loss: 0.000915
Last-10 average reward: -16.600000
#Frame: 40000, Loss: 0.000880
Last-10 average reward: -14.900000
#Frame: 50000, Loss: 0.000861
Last-10 average reward: -13.700000
#Frame: 60000, Loss: 0.001020
Last-10 average reward: -13.600000
#Frame: 70000, Loss: 0.001076
Last-10 average reward: -13.100000
#Frame: 80000, Loss: 0.001105
Last-10 average reward: -12.400000
#Frame: 90000, Loss: 0.001131
Last-10 average reward: -14.000000
#Frame: 100000, Loss: 0.001146
Last-10 average reward: -13.000000
#Frame: 110000, Loss: 0.001254
Last-10 average reward: -10.400000
#Frame: 120000, Loss: 0.001313
Last-10 average reward: -9.900000
#Frame: 130000, Loss: 0.001349
Last-10 average reward: -8.100000
#Frame: 140000, Loss: 0.001374
Last-10 average reward: -8.200000
#Frame: 150000, Loss: 0.001387
Last-10 average reward: -7.600000
#Frame: 160000, Loss: 0.001452
Last-10 average reward: -5.900000
#Frame: 170000, Loss: 0.001483
Last-10 average reward: -7.200000
#Frame: 180000, Loss: 0.001503
Last-10 average reward: -5.800000
#Frame: 190000, Loss: 0.001517
Last-10 average reward: -7.100000
#Frame: 200000, Loss: 0.001527
Last-10 average reward: -7.700000
#Frame: 210000, Loss: 0.001580
Last-10 average reward: -9.500000
#Frame: 220000, Loss: 0.001611
Last-10 average reward: -9.000000
#Frame: 230000, Loss: 0.001632
Last-10 average reward: -7.500000
#Frame: 240000, Loss: 0.001650
Last-10 average reward: -4.800000
#Frame: 250000, Loss: 0.001666
Last-10 average reward: -6.900000
#Frame: 260000, Loss: 0.001728
Last-10 average reward: -8.600000
#Frame: 270000, Loss: 0.001764
Last-10 average reward: -8.300000
#Frame: 280000, Loss: 0.001785
Last-10 average reward: -5.500000
#Frame: 290000, Loss: 0.001800
Last-10 average reward: -4.100000
#Frame: 300000, Loss: 0.001810
Last-10 average reward: -7.600000
#Frame: 310000, Loss: 0.001859
Last-10 average reward: -7.900000
#Frame: 320000, Loss: 0.001886
Last-10 average reward: -5.200000
#Frame: 330000, Loss: 0.001902
Last-10 average reward: -2.200000
#Frame: 340000, Loss: 0.001914
Last-10 average reward: -1.500000
#Frame: 350000, Loss: 0.001920
Last-10 average reward: -2.400000
#Frame: 360000, Loss: 0.001953
Last-10 average reward: -1.700000
#Frame: 370000, Loss: 0.001967
Last-10 average reward: -1.300000
#Frame: 380000, Loss: 0.001974
Last-10 average reward: -1.000000
#Frame: 390000, Loss: 0.001978
Last-10 average reward: -0.100000
#Frame: 400000, Loss: 0.001977
Last-10 average reward: 2.300000
#Frame: 410000, Loss: 0.002002
Last-10 average reward: -0.500000
#Frame: 420000, Loss: 0.002014
Last-10 average reward: -1.800000
#Frame: 430000, Loss: 0.002020
Last-10 average reward: -3.900000
#Frame: 440000, Loss: 0.002023
Last-10 average reward: -3.200000
#Frame: 450000, Loss: 0.002024
Last-10 average reward: -4.000000
#Frame: 460000, Loss: 0.002055
Last-10 average reward: -1.800000
#Frame: 470000, Loss: 0.002073
Last-10 average reward: -3.400000
#Frame: 480000, Loss: 0.002084
Last-10 average reward: -0.900000
#Frame: 490000, Loss: 0.002092
Last-10 average reward: -0.300000
#Frame: 500000, Loss: 0.002098
Last-10 average reward: 1.100000
#Frame: 510000, Loss: 0.002133
Last-10 average reward: -0.400000
#Frame: 520000, Loss: 0.002151
Last-10 average reward: -0.300000
#Frame: 530000, Loss: 0.002163
Last-10 average reward: 1.800000
#Frame: 540000, Loss: 0.002172
Last-10 average reward: 2.300000
#Frame: 550000, Loss: 0.002177
Last-10 average reward: 3.800000
#Frame: 560000, Loss: 0.002204
Last-10 average reward: 3.000000
#Frame: 570000, Loss: 0.002215
Last-10 average reward: 3.900000
#Frame: 580000, Loss: 0.002221
Last-10 average reward: 3.300000
#Frame: 590000, Loss: 0.002222
Last-10 average reward: 0.600000
#Frame: 600000, Loss: 0.002224
Last-10 average reward: -1.300000
#Frame: 610000, Loss: 0.002252
Last-10 average reward: -1.700000
#Frame: 620000, Loss: 0.002265
Last-10 average reward: -2.800000
#Frame: 630000, Loss: 0.002272
Last-10 average reward: -1.500000
#Frame: 640000, Loss: 0.002276
Last-10 average reward: -1.300000
#Frame: 650000, Loss: 0.002278
Last-10 average reward: 0.700000
#Frame: 660000, Loss: 0.002305
Last-10 average reward: 0.200000
#Frame: 670000, Loss: 0.002316
Last-10 average reward: 1.400000
#Frame: 680000, Loss: 0.002322
Last-10 average reward: 1.300000
#Frame: 690000, Loss: 0.002326
Last-10 average reward: 1.000000
#Frame: 700000, Loss: 0.002331
Last-10 average reward: -0.400000
#Frame: 710000, Loss: 0.002360
Last-10 average reward: -0.500000
#Frame: 720000, Loss: 0.002374
Last-10 average reward: 0.800000
#Frame: 730000, Loss: 0.002383
Last-10 average reward: 2.300000
#Frame: 740000, Loss: 0.002388
Last-10 average reward: 3.200000
#Frame: 750000, Loss: 0.002394
Last-10 average reward: 4.100000
#Frame: 760000, Loss: 0.002420
Last-10 average reward: 4.500000
#Frame: 770000, Loss: 0.002433
Last-10 average reward: 4.700000
#Frame: 780000, Loss: 0.002442
Last-10 average reward: 4.600000
#Frame: 790000, Loss: 0.002449
Last-10 average reward: 5.700000
#Frame: 800000, Loss: 0.002452
Last-10 average reward: 4.700000
#Frame: 810000, Loss: 0.002477
Last-10 average reward: 4.500000
#Frame: 820000, Loss: 0.002489
Last-10 average reward: 3.000000
#Frame: 830000, Loss: 0.002497
Last-10 average reward: 2.500000
#Frame: 840000, Loss: 0.002504
Last-10 average reward: 4.000000
#Frame: 850000, Loss: 0.002508
Last-10 average reward: 7.100000
#Frame: 860000, Loss: 0.002533
Last-10 average reward: 7.600000
#Frame: 870000, Loss: 0.002546
Last-10 average reward: 8.900000
#Frame: 880000, Loss: 0.002556
Last-10 average reward: 8.900000
#Frame: 890000, Loss: 0.002565
Last-10 average reward: 7.400000
#Frame: 900000, Loss: 0.002571
Last-10 average reward: 5.600000
#Frame: 910000, Loss: 0.002600
Last-10 average reward: 4.900000
#Frame: 920000, Loss: 0.002614
Last-10 average reward: 8.900000
#Frame: 930000, Loss: 0.002623
Last-10 average reward: 11.400000
#Frame: 940000, Loss: 0.002627
Last-10 average reward: 11.200000
#Frame: 950000, Loss: 0.002630
Last-10 average reward: 9.200000
#Frame: 960000, Loss: 0.002653
Last-10 average reward: 8.300000
#Frame: 970000, Loss: 0.002663
Last-10 average reward: 10.200000
#Frame: 980000, Loss: 0.002668
Last-10 average reward: 12.600000
#Frame: 990000, Loss: 0.002671
Last-10 average reward: 12.700000
#Frame: 1000000, Loss: 0.002671
Last-10 average reward: 12.300000
Exception ignored in: <bound method ALEInterface.__del__ of <atari_py.ale_python_interface.ALEInterface object at 0x7f789666c048>>
Traceback (most recent call last):
  File "/usr/local/lib/python3.5/dist-packages/atari_py/ale_python_interface.py", line 354, in __del__
AttributeError: 'NoneType' object has no attribute 'ALE_del'
Exception ignored in: <function WeakValueDictionary.__init__.<locals>.remove at 0x7f78365a6268>
Traceback (most recent call last):
  File "/usr/lib/python3.5/weakref.py", line 117, in remove
TypeError: 'NoneType' object is not callable
