Using cuda
#Frame: 10000, preparing replay buffer
#Frame: 20000, Loss: 0.003653
Last-10 average reward: -19.000000
#Frame: 30000, Loss: 0.003148
Last-10 average reward: -18.000000
#Frame: 40000, Loss: 0.002992
Last-10 average reward: -17.700000
#Frame: 50000, Loss: 0.002922
Last-10 average reward: -16.900000
#Frame: 60000, Loss: 0.003259
Last-10 average reward: -15.100000
#Frame: 70000, Loss: 0.003293
Last-10 average reward: -12.800000
#Frame: 80000, Loss: 0.003279
Last-10 average reward: -10.600000
#Frame: 90000, Loss: 0.003248
Last-10 average reward: -8.900000
#Frame: 100000, Loss: 0.003203
Last-10 average reward: -10.400000
#Frame: 110000, Loss: 0.003376
Last-10 average reward: -10.400000
#Frame: 120000, Loss: 0.003436
Last-10 average reward: -10.000000
#Frame: 130000, Loss: 0.003452
Last-10 average reward: -9.900000
#Frame: 140000, Loss: 0.003446
Last-10 average reward: -8.900000
#Frame: 150000, Loss: 0.003436
Last-10 average reward: -6.800000
#Frame: 160000, Loss: 0.003534
Last-10 average reward: -6.300000
#Frame: 170000, Loss: 0.003544
Last-10 average reward: -6.200000
#Frame: 180000, Loss: 0.003529
Last-10 average reward: -8.700000
#Frame: 190000, Loss: 0.003507
Last-10 average reward: -9.900000
#Frame: 200000, Loss: 0.003480
Last-10 average reward: -12.200000
#Frame: 210000, Loss: 0.003539
Last-10 average reward: -9.000000
#Frame: 220000, Loss: 0.003540
Last-10 average reward: -7.400000
#Frame: 230000, Loss: 0.003516
Last-10 average reward: -1.400000
#Frame: 240000, Loss: 0.003486
Last-10 average reward: -1.500000
#Frame: 250000, Loss: 0.003454
Last-10 average reward: -2.600000
#Frame: 260000, Loss: 0.003495
Last-10 average reward: -4.000000
#Frame: 270000, Loss: 0.003497
Last-10 average reward: -2.600000
#Frame: 280000, Loss: 0.003482
Last-10 average reward: -3.300000
#Frame: 290000, Loss: 0.003464
Last-10 average reward: -2.000000
#Frame: 300000, Loss: 0.003442
Last-10 average reward: -3.000000
#Frame: 310000, Loss: 0.003478
Last-10 average reward: -4.500000
#Frame: 320000, Loss: 0.003482
Last-10 average reward: -4.300000
#Frame: 330000, Loss: 0.003480
Last-10 average reward: -3.300000
#Frame: 340000, Loss: 0.003472
Last-10 average reward: -2.800000
#Frame: 350000, Loss: 0.003460
Last-10 average reward: -3.900000
#Frame: 360000, Loss: 0.003513
Last-10 average reward: -4.500000
#Frame: 370000, Loss: 0.003526
Last-10 average reward: -2.000000
#Frame: 380000, Loss: 0.003525
Last-10 average reward: 1.500000
#Frame: 390000, Loss: 0.003521
Last-10 average reward: 2.300000
#Frame: 400000, Loss: 0.003513
Last-10 average reward: 1.400000
#Frame: 410000, Loss: 0.003551
Last-10 average reward: -0.500000
#Frame: 420000, Loss: 0.003558
Last-10 average reward: -0.300000
#Frame: 430000, Loss: 0.003556
Last-10 average reward: 0.300000
#Frame: 440000, Loss: 0.003548
Last-10 average reward: 0.900000
#Frame: 450000, Loss: 0.003534
Last-10 average reward: 0.000000
#Frame: 460000, Loss: 0.003563
Last-10 average reward: 0.600000
#Frame: 470000, Loss: 0.003565
Last-10 average reward: 2.100000
#Frame: 480000, Loss: 0.003559
Last-10 average reward: 4.000000
#Frame: 490000, Loss: 0.003549
Last-10 average reward: 4.700000
#Frame: 500000, Loss: 0.003537
Last-10 average reward: 4.400000
#Frame: 510000, Loss: 0.003566
Last-10 average reward: 5.600000
#Frame: 520000, Loss: 0.003572
Last-10 average reward: 3.700000
#Frame: 530000, Loss: 0.003572
Last-10 average reward: 4.400000
#Frame: 540000, Loss: 0.003569
Last-10 average reward: 4.600000
#Frame: 550000, Loss: 0.003565
Last-10 average reward: 4.300000
#Frame: 560000, Loss: 0.003598
Last-10 average reward: 5.500000
#Frame: 570000, Loss: 0.003605
Last-10 average reward: 5.000000
#Frame: 580000, Loss: 0.003606
Last-10 average reward: 7.600000
#Frame: 590000, Loss: 0.003600
Last-10 average reward: 6.300000
#Frame: 600000, Loss: 0.003591
Last-10 average reward: 8.400000
#Frame: 610000, Loss: 0.003613
Last-10 average reward: 9.500000
#Frame: 620000, Loss: 0.003614
Last-10 average reward: 9.700000
#Frame: 630000, Loss: 0.003606
Last-10 average reward: 9.400000
#Frame: 640000, Loss: 0.003597
Last-10 average reward: 5.700000
#Frame: 650000, Loss: 0.003588
Last-10 average reward: 5.700000
#Frame: 660000, Loss: 0.003613
Last-10 average reward: 4.000000
#Frame: 670000, Loss: 0.003614
Last-10 average reward: 5.500000
#Frame: 680000, Loss: 0.003610
Last-10 average reward: 7.800000
#Frame: 690000, Loss: 0.003604
Last-10 average reward: 9.500000
#Frame: 700000, Loss: 0.003593
Last-10 average reward: 9.600000
#Frame: 710000, Loss: 0.003609
Last-10 average reward: 10.600000
#Frame: 720000, Loss: 0.003603
Last-10 average reward: 13.200000
#Frame: 730000, Loss: 0.003592
Last-10 average reward: 14.400000
#Frame: 740000, Loss: 0.003578
Last-10 average reward: 13.300000
#Frame: 750000, Loss: 0.003560
Last-10 average reward: 13.400000
#Frame: 760000, Loss: 0.003564
Last-10 average reward: 13.000000
#Frame: 770000, Loss: 0.003552
Last-10 average reward: 12.600000
#Frame: 780000, Loss: 0.003535
Last-10 average reward: 14.500000
#Frame: 790000, Loss: 0.003515
Last-10 average reward: 16.200000
#Frame: 800000, Loss: 0.003492
Last-10 average reward: 15.800000
#Frame: 810000, Loss: 0.003488
Last-10 average reward: 14.600000
#Frame: 820000, Loss: 0.003472
Last-10 average reward: 15.000000
#Frame: 830000, Loss: 0.003451
Last-10 average reward: 17.000000
#Frame: 840000, Loss: 0.003429
Last-10 average reward: 16.200000
#Frame: 850000, Loss: 0.003407
Last-10 average reward: 14.800000
#Frame: 860000, Loss: 0.003404
Last-10 average reward: 15.000000
#Frame: 870000, Loss: 0.003388
Last-10 average reward: 17.000000
#Frame: 880000, Loss: 0.003369
Last-10 average reward: 17.600000
#Frame: 890000, Loss: 0.003348
Last-10 average reward: 17.100000
#Frame: 900000, Loss: 0.003327
Last-10 average reward: 17.500000
#Frame: 910000, Loss: 0.003320
Last-10 average reward: 18.600000
#Frame: 920000, Loss: 0.003302
Last-10 average reward: 18.700000
#Frame: 930000, Loss: 0.003281
Last-10 average reward: 19.200000
#Frame: 940000, Loss: 0.003260
Last-10 average reward: 18.500000
#Frame: 950000, Loss: 0.003239
Last-10 average reward: 17.700000
#Frame: 960000, Loss: 0.003229
Last-10 average reward: 17.100000
#Frame: 970000, Loss: 0.003211
Last-10 average reward: 17.000000
#Frame: 980000, Loss: 0.003192
Last-10 average reward: 17.800000
#Frame: 990000, Loss: 0.003171
Last-10 average reward: 18.600000
#Frame: 1000000, Loss: 0.003150
Last-10 average reward: 18.800000
Exception ignored in: <bound method ALEInterface.__del__ of <atari_py.ale_python_interface.ALEInterface object at 0x7f797fcd7f60>>
Traceback (most recent call last):
  File "/usr/local/lib/python3.5/dist-packages/atari_py/ale_python_interface.py", line 354, in __del__
AttributeError: 'NoneType' object has no attribute 'ALE_del'
