Using cuda
#Frame: 10000, preparing replay buffer
#Frame: 20000, Loss: 0.000999
Last-10 average reward: -18.500000
#Frame: 30000, Loss: 0.000847
Last-10 average reward: -18.300000
#Frame: 40000, Loss: 0.000803
Last-10 average reward: -17.000000
#Frame: 50000, Loss: 0.000794
Last-10 average reward: -16.000000
#Frame: 60000, Loss: 0.000962
Last-10 average reward: -13.700000
#Frame: 70000, Loss: 0.001016
Last-10 average reward: -11.700000
#Frame: 80000, Loss: 0.001046
Last-10 average reward: -9.800000
#Frame: 90000, Loss: 0.001055
Last-10 average reward: -9.300000
#Frame: 100000, Loss: 0.001062
Last-10 average reward: -12.500000
#Frame: 110000, Loss: 0.001167
Last-10 average reward: -12.400000
#Frame: 120000, Loss: 0.001226
Last-10 average reward: -9.800000
#Frame: 130000, Loss: 0.001270
Last-10 average reward: -8.100000
#Frame: 140000, Loss: 0.001297
Last-10 average reward: -6.900000
#Frame: 150000, Loss: 0.001306
Last-10 average reward: -5.500000
#Frame: 160000, Loss: 0.001371
Last-10 average reward: -3.200000
#Frame: 170000, Loss: 0.001404
Last-10 average reward: -5.200000
#Frame: 180000, Loss: 0.001423
Last-10 average reward: -7.500000
#Frame: 190000, Loss: 0.001433
Last-10 average reward: -7.100000
#Frame: 200000, Loss: 0.001438
Last-10 average reward: -7.600000
#Frame: 210000, Loss: 0.001489
Last-10 average reward: -6.800000
#Frame: 220000, Loss: 0.001517
Last-10 average reward: -4.400000
#Frame: 230000, Loss: 0.001533
Last-10 average reward: -4.000000
#Frame: 240000, Loss: 0.001541
Last-10 average reward: -4.200000
#Frame: 250000, Loss: 0.001544
Last-10 average reward: -6.100000
#Frame: 260000, Loss: 0.001593
Last-10 average reward: -3.300000
#Frame: 270000, Loss: 0.001618
Last-10 average reward: -2.400000
#Frame: 280000, Loss: 0.001633
Last-10 average reward: -1.300000
#Frame: 290000, Loss: 0.001641
Last-10 average reward: -2.200000
#Frame: 300000, Loss: 0.001649
Last-10 average reward: -1.600000
#Frame: 310000, Loss: 0.001693
Last-10 average reward: -5.100000
#Frame: 320000, Loss: 0.001714
Last-10 average reward: -4.900000
#Frame: 330000, Loss: 0.001730
Last-10 average reward: -5.400000
#Frame: 340000, Loss: 0.001736
Last-10 average reward: -4.100000
#Frame: 350000, Loss: 0.001742
Last-10 average reward: -2.500000
#Frame: 360000, Loss: 0.001785
Last-10 average reward: -1.400000
#Frame: 370000, Loss: 0.001808
Last-10 average reward: 1.800000
#Frame: 380000, Loss: 0.001821
Last-10 average reward: 3.900000
#Frame: 390000, Loss: 0.001830
Last-10 average reward: 4.000000
#Frame: 400000, Loss: 0.001837
Last-10 average reward: 2.000000
#Frame: 410000, Loss: 0.001872
Last-10 average reward: 1.500000
#Frame: 420000, Loss: 0.001888
Last-10 average reward: 2.300000
#Frame: 430000, Loss: 0.001896
Last-10 average reward: 2.500000
#Frame: 440000, Loss: 0.001899
Last-10 average reward: 5.300000
#Frame: 450000, Loss: 0.001896
Last-10 average reward: 6.900000
#Frame: 460000, Loss: 0.001918
Last-10 average reward: 6.800000
#Frame: 470000, Loss: 0.001924
Last-10 average reward: 1.500000
#Frame: 480000, Loss: 0.001925
Last-10 average reward: 0.500000
#Frame: 490000, Loss: 0.001920
Last-10 average reward: 5.300000
#Frame: 500000, Loss: 0.001912
Last-10 average reward: 11.800000
#Frame: 510000, Loss: 0.001926
Last-10 average reward: 11.200000
#Frame: 520000, Loss: 0.001926
Last-10 average reward: 8.100000
#Frame: 530000, Loss: 0.001923
Last-10 average reward: 4.400000
#Frame: 540000, Loss: 0.001918
Last-10 average reward: 2.900000
#Frame: 550000, Loss: 0.001913
Last-10 average reward: 1.600000
#Frame: 560000, Loss: 0.001929
Last-10 average reward: 2.000000
#Frame: 570000, Loss: 0.001934
Last-10 average reward: 3.100000
#Frame: 580000, Loss: 0.001934
Last-10 average reward: 4.400000
#Frame: 590000, Loss: 0.001933
Last-10 average reward: 5.000000
#Frame: 600000, Loss: 0.001931
Last-10 average reward: 5.900000
#Frame: 610000, Loss: 0.001949
Last-10 average reward: 8.900000
#Frame: 620000, Loss: 0.001952
Last-10 average reward: 10.700000
#Frame: 630000, Loss: 0.001950
Last-10 average reward: 12.900000
#Frame: 640000, Loss: 0.001947
Last-10 average reward: 10.400000
#Frame: 650000, Loss: 0.001943
Last-10 average reward: 7.700000
#Frame: 660000, Loss: 0.001959
Last-10 average reward: 6.500000
#Frame: 670000, Loss: 0.001964
Last-10 average reward: 7.500000
#Frame: 680000, Loss: 0.001965
Last-10 average reward: 10.100000
#Frame: 690000, Loss: 0.001964
Last-10 average reward: 10.500000
#Frame: 700000, Loss: 0.001963
Last-10 average reward: 7.600000
#Frame: 710000, Loss: 0.001983
Last-10 average reward: 7.600000
#Frame: 720000, Loss: 0.001990
Last-10 average reward: 10.000000
#Frame: 730000, Loss: 0.001995
Last-10 average reward: 12.200000
#Frame: 740000, Loss: 0.001996
Last-10 average reward: 12.000000
#Frame: 750000, Loss: 0.001996
Last-10 average reward: 12.900000
#Frame: 760000, Loss: 0.002015
Last-10 average reward: 13.200000
#Frame: 770000, Loss: 0.002020
Last-10 average reward: 13.500000
#Frame: 780000, Loss: 0.002021
Last-10 average reward: 14.000000
#Frame: 790000, Loss: 0.002020
Last-10 average reward: 13.700000
#Frame: 800000, Loss: 0.002015
Last-10 average reward: 14.400000
#Frame: 810000, Loss: 0.002028
Last-10 average reward: 15.800000
#Frame: 820000, Loss: 0.002028
Last-10 average reward: 16.500000
#Frame: 830000, Loss: 0.002023
Last-10 average reward: 15.400000
#Frame: 840000, Loss: 0.002016
Last-10 average reward: 16.700000
#Frame: 850000, Loss: 0.002009
Last-10 average reward: 16.300000
#Frame: 860000, Loss: 0.002014
Last-10 average reward: 14.800000
#Frame: 870000, Loss: 0.002010
Last-10 average reward: 15.700000
#Frame: 880000, Loss: 0.002003
Last-10 average reward: 16.800000
#Frame: 890000, Loss: 0.001994
Last-10 average reward: 17.500000
#Frame: 900000, Loss: 0.001984
Last-10 average reward: 17.100000
#Frame: 910000, Loss: 0.001987
Last-10 average reward: 17.000000
#Frame: 920000, Loss: 0.001980
Last-10 average reward: 17.800000
#Frame: 930000, Loss: 0.001972
Last-10 average reward: 18.400000
#Frame: 940000, Loss: 0.001962
Last-10 average reward: 18.400000
#Frame: 950000, Loss: 0.001950
Last-10 average reward: 18.700000
#Frame: 960000, Loss: 0.001948
Last-10 average reward: 18.800000
#Frame: 970000, Loss: 0.001939
Last-10 average reward: 18.000000
#Frame: 980000, Loss: 0.001928
Last-10 average reward: 15.700000
#Frame: 990000, Loss: 0.001916
Last-10 average reward: 16.700000
#Frame: 1000000, Loss: 0.001904
Last-10 average reward: 18.300000
